Sun Jan 22 19:16:05 2012
 LPD8 : midiInOpen error 7
	Mémoire disponible insuffisante pour cette tâche. Quittez une ou plusieurs applications pour augmenter la mémoire disponible, puis réessayez.
GetPrivateProfileString result : 2
no : 2
Sun Jan 22 19:16:20 2012
 LPD8 : midiInOpen error 7
	Mémoire disponible insuffisante pour cette tâche. Quittez une ou plusieurs applications pour augmenter la mémoire disponible, puis réessayez.
GetPrivateProfileString result : 2
no : 2
Sun Jan 22 19:16:21 2012
 LPD8 : midiInOpen error 7
	Mémoire disponible insuffisante pour cette tâche. Quittez une ou plusieurs applications pour augmenter la mémoire disponible, puis réessayez.
GetPrivateProfileString result : 2
no : 2
Sun Jan 22 19:16:23 2012
  : midiInStop error 6
	Aucun pilote n’est installé sur votre système.
GetPrivateProfileString result : 2
no : 2
Mon Jan 23 09:41:55 2012
 iCON iControl V1.02 : midiInOpen error 7
	Mémoire disponible insuffisante pour cette tâche. Quittez une ou plusieurs applications pour augmenter la mémoire disponible, puis réessayez.
GetPrivateProfileString result : 2
no : 2
Mon Jan 23 09:41:56 2012
 iCON iControl V1.02 : midiInOpen error 7
	Mémoire disponible insuffisante pour cette tâche. Quittez une ou plusieurs applications pour augmenter la mémoire disponible, puis réessayez.
GetPrivateProfileString result : 2
no : 2
Mon Jan 23 09:41:59 2012
  : midiInStop error 6
	Aucun pilote n’est installé sur votre système.
GetPrivateProfileString result : 2
no : 2
Mon Jan 23 09:42:02 2012
 iCON iControl V1.02 : midiInOpen error 2
	Un numéro de périphérique en dehors de la portée de votre système a été employé.
GetPrivateProfileString result : 2
no : 2
Mon Jan 23 09:42:03 2012
 iCON iControl V1.02 : midiInOpen error 2
	Un numéro de périphérique en dehors de la portée de votre système a été employé.
GetPrivateProfileString result : 2
no : 2
Tue Jan 24 11:11:14 2012
 LPD8 : midiInOpen error 7
	Mémoire disponible insuffisante pour cette tâche. Quittez une ou plusieurs applications pour augmenter la mémoire disponible, puis réessayez.
GetPrivateProfileString result : 2
no : 2
Mon Jan 30 16:51:45 2012
 LPD8 : midiInStop error 6
	Aucun pilote n’est installé sur votre système.
GetPrivateProfileString result : 2
no : 2
Fri Feb 03 11:12:35 2012
 iCON iControl V1.02 : midiInStop error 6
	Aucun pilote n’est installé sur votre système.
GetPrivateProfileString result : 2
no : 2
Fri Feb 03 11:14:20 2012
 LPD8 : midiInStop error 6
	Aucun pilote n’est installé sur votre système.
GetPrivateProfileString result : 2
no : 2
Fri Feb 03 22:17:08 2012
 iCON iControl V1.02 : midiInStop error 6
	Aucun pilote n’est installé sur votre système.
GetPrivateProfileString result : 2
no : 2
Sun Feb 05 10:58:41 2012
 iCON iControl V1.02 : midiInStop error 6
	Aucun pilote n’est installé sur votre système.
GetPrivateProfileString result : 2
no : 2
Mon Feb 06 13:49:50 2012
 Out To MIDI Yoke:  1 : midiOutShortMsg error 3
	Le pilote n'était pas activé.
GetPrivateProfileString result : 2
no : 2
Mon Feb 06 13:49:50 2012
 Out To MIDI Yoke:  1 : midiOutShortMsg error 3
	Le pilote n'était pas activé.
GetPrivateProfileString result : 2
no : 2
Mon Feb 06 13:49:50 2012
 Out To MIDI Yoke:  1 : midiOutShortMsg error 3
	Le pilote n'était pas activé.
GetPrivateProfileString result : 2
no : 2
Mon Feb 06 13:49:50 2012
 Out To MIDI Yoke:  1 : midiOutShortMsg error 3
	Le pilote n'était pas activé.
GetPrivateProfileString result : 2
no : 2
Mon Feb 06 13:49:50 2012
 Out To MIDI Yoke:  1 : midiOutShortMsg error 3
	Le pilote n'était pas activé.
GetPrivateProfileString result : 2
no : 2
Mon Feb 06 13:49:50 2012
 Out To MIDI Yoke:  1 : midiOutShortMsg error 3
	Le pilote n'était pas activé.
GetPrivateProfileString result : 2
no : 2
Mon Feb 06 13:49:50 2012
 Out To MIDI Yoke:  1 : midiOutShortMsg error 3
	Le pilote n'était pas activé.
GetPrivateProfileString result : 2
no : 2
Mon Feb 06 13:49:50 2012
 Out To MIDI Yoke:  1 : midiOutShortMsg error 3
	Le pilote n'était pas activé.
GetPrivateProfileString result : 2
no : 2
Mon Feb 06 13:49:50 2012
 Out To MIDI Yoke:  1 : midiOutShortMsg error 3
	Le pilote n'était pas activé.
GetPrivateProfileString result : 2
no : 2
Mon Feb 06 13:49:50 2012
 Out To MIDI Yoke:  1 : midiOutShortMsg error 3
	Le pilote n'était pas activé.
GetPrivateProfileString result : 2
no : 2
Mon Feb 06 13:49:50 2012
 Out To MIDI Yoke:  1 : midiOutShortMsg error 3
	Le pilote n'était pas activé.
GetPrivateProfileString result : 2
no : 2
Mon Feb 06 13:49:50 2012
 Out To MIDI Yoke:  1 : midiOutShortMsg error 3
	Le pilote n'était pas activé.
GetPrivateProfileString result : 2
no : 2
Mon Feb 06 13:49:50 2012
 Out To MIDI Yoke:  1 : midiOutShortMsg error 3
	Le pilote n'était pas activé.
GetPrivateProfileString result : 2
no : 2
Mon Feb 06 13:49:50 2012
 Out To MIDI Yoke:  1 : midiOutShortMsg error 3
	Le pilote n'était pas activé.
GetPrivateProfileString result : 2
no : 2
Mon Feb 06 13:49:50 2012
 Out To MIDI Yoke:  1 : midiOutShortMsg error 3
	Le pilote n'était pas activé.
GetPrivateProfileString result : 2
no : 2
Mon Feb 06 13:49:50 2012
 Out To MIDI Yoke:  1 : midiOutShortMsg error 3
	Le pilote n'était pas activé.
GetPrivateProfileString result : 2
no : 2
Mon Feb 06 13:49:50 2012
 Out To MIDI Yoke:  1 : midiOutShortMsg error 3
	Le pilote n'était pas activé.
GetPrivateProfileString result : 2
no : 2
Mon Feb 06 13:49:50 2012
 Out To MIDI Yoke:  1 : midiOutShortMsg error 3
	Le pilote n'était pas activé.
GetPrivateProfileString result : 2
no : 2
Mon Feb 06 13:49:50 2012
 Out To MIDI Yoke:  1 : midiOutShortMsg error 3
	Le pilote n'était pas activé.
GetPrivateProfileString result : 2
no : 2
Mon Feb 06 13:49:50 2012
 Out To MIDI Yoke:  1 : midiOutShortMsg error 3
	Le pilote n'était pas activé.
GetPrivateProfileString result : 2
no : 2
Mon Feb 06 13:49:50 2012
 Out To MIDI Yoke:  1 : midiOutShortMsg error 3
	Le pilote n'était pas activé.
GetPrivateProfileString result : 2
no : 2
Mon Feb 06 13:49:50 2012
 Out To MIDI Yoke:  1 : midiOutShortMsg error 3
	Le pilote n'était pas activé.
GetPrivateProfileString result : 2
no : 2
Mon Feb 06 13:49:50 2012
 Out To MIDI Yoke:  1 : midiOutShortMsg error 3
	Le pilote n'était pas activé.
GetPrivateProfileString result : 2
no : 2
Mon Feb 06 13:49:50 2012
 Out To MIDI Yoke:  1 : midiOutShortMsg error 3
	Le pilote n'était pas activé.
GetPrivateProfileString result : 2
no : 2
Mon Feb 06 13:49:50 2012
 Out To MIDI Yoke:  1 : midiOutShortMsg error 3
	Le pilote n'était pas activé.
GetPrivateProfileString result : 2
no : 2
Mon Feb 06 13:49:50 2012
 Out To MIDI Yoke:  1 : midiOutShortMsg error 3
	Le pilote n'était pas activé.
GetPrivateProfileString result : 2
no : 2
Mon Feb 06 13:49:50 2012
 Out To MIDI Yoke:  1 : midiOutShortMsg error 3
	Le pilote n'était pas activé.
GetPrivateProfileString result : 2
no : 2
Mon Feb 06 13:49:50 2012
 Out To MIDI Yoke:  1 : midiOutShortMsg error 3
	Le pilote n'était pas activé.
GetPrivateProfileString result : 2
no : 2
Mon Feb 06 13:49:50 2012
 Out To MIDI Yoke:  1 : midiOutShortMsg error 3
	Le pilote n'était pas activé.
GetPrivateProfileString result : 2
no : 2
Mon Feb 06 13:49:50 2012
 Out To MIDI Yoke:  1 : midiOutShortMsg error 3
	Le pilote n'était pas activé.
GetPrivateProfileString result : 2
no : 2
Mon Feb 06 13:49:50 2012
 Out To MIDI Yoke:  1 : midiOutShortMsg error 3
	Le pilote n'était pas activé.
GetPrivateProfileString result : 2
no : 2
Mon Feb 06 13:49:50 2012
 Out To MIDI Yoke:  1 : midiOutShortMsg error 3
	Le pilote n'était pas activé.
GetPrivateProfileString result : 2
no : 2
Mon Feb 06 13:49:50 2012
 Out To MIDI Yoke:  1 : midiOutShortMsg error 3
	Le pilote n'était pas activé.
GetPrivateProfileString result : 2
no : 2
Mon Feb 06 13:49:50 2012
 Out To MIDI Yoke:  1 : midiOutShortMsg error 3
	Le pilote n'était pas activé.
GetPrivateProfileString result : 2
no : 2
Mon Feb 06 13:49:50 2012
 Out To MIDI Yoke:  1 : midiOutShortMsg error 3
	Le pilote n'était pas activé.
GetPrivateProfileString result : 2
no : 2
Mon Feb 06 13:49:50 2012
 Out To MIDI Yoke:  1 : midiOutShortMsg error 3
	Le pilote n'était pas activé.
GetPrivateProfileString result : 2
no : 2
Mon Feb 06 13:49:50 2012
 Out To MIDI Yoke:  1 : midiOutShortMsg error 3
	Le pilote n'était pas activé.
GetPrivateProfileString result : 2
no : 2
Mon Feb 06 13:49:50 2012
 Out To MIDI Yoke:  1 : midiOutShortMsg error 3
	Le pilote n'était pas activé.
GetPrivateProfileString result : 2
no : 2
Mon Feb 06 13:49:50 2012
 Out To MIDI Yoke:  1 : midiOutShortMsg error 3
	Le pilote n'était pas activé.
GetPrivateProfileString result : 2
no : 2
Mon Feb 06 13:49:50 2012
 Out To MIDI Yoke:  1 : midiOutShortMsg error 3
	Le pilote n'était pas activé.
GetPrivateProfileString result : 2
no : 2
Mon Feb 06 13:49:50 2012
 Out To MIDI Yoke:  1 : midiOutShortMsg error 3
	Le pilote n'était pas activé.
GetPrivateProfileString result : 2
no : 2
Mon Feb 06 13:49:50 2012
 Out To MIDI Yoke:  1 : midiOutShortMsg error 3
	Le pilote n'était pas activé.
GetPrivateProfileString result : 2
no : 2
Mon Feb 06 13:49:50 2012
 Out To MIDI Yoke:  1 : midiOutShortMsg error 3
	Le pilote n'était pas activé.
GetPrivateProfileString result : 2
no : 2
Mon Feb 06 13:49:50 2012
 Out To MIDI Yoke:  1 : midiOutShortMsg error 3
	Le pilote n'était pas activé.
GetPrivateProfileString result : 2
no : 2
Mon Feb 06 13:49:50 2012
 Out To MIDI Yoke:  1 : midiOutShortMsg error 3
	Le pilote n'était pas activé.
GetPrivateProfileString result : 2
no : 2
Mon Feb 06 13:49:50 2012
 Out To MIDI Yoke:  1 : midiOutShortMsg error 3
	Le pilote n'était pas activé.
GetPrivateProfileString result : 2
no : 2
Mon Feb 06 13:50:01 2012
 Out To MIDI Yoke:  1 : midiOutShortMsg error 3
	Le pilote n'était pas activé.
GetPrivateProfileString result : 2
no : 2
Mon Feb 06 13:50:01 2012
 Out To MIDI Yoke:  1 : midiOutShortMsg error 3
	Le pilote n'était pas activé.
GetPrivateProfileString result : 2
no : 2
Mon Feb 06 13:50:01 2012
 Out To MIDI Yoke:  1 : midiOutShortMsg error 3
	Le pilote n'était pas activé.
GetPrivateProfileString result : 2
no : 2
Mon Feb 06 13:50:01 2012
 Out To MIDI Yoke:  1 : midiOutShortMsg error 3
	Le pilote n'était pas activé.
GetPrivateProfileString result : 2
no : 2
Mon Feb 06 13:50:01 2012
 Out To MIDI Yoke:  1 : midiOutShortMsg error 3
	Le pilote n'était pas activé.
GetPrivateProfileString result : 2
no : 2
Mon Feb 06 13:50:01 2012
 Out To MIDI Yoke:  1 : midiOutShortMsg error 3
	Le pilote n'était pas activé.
GetPrivateProfileString result : 2
no : 2
Mon Feb 06 13:50:01 2012
 Out To MIDI Yoke:  1 : midiOutShortMsg error 3
	Le pilote n'était pas activé.
GetPrivateProfileString result : 2
no : 2
Mon Feb 06 13:50:01 2012
 Out To MIDI Yoke:  1 : midiOutShortMsg error 3
	Le pilote n'était pas activé.
GetPrivateProfileString result : 2
no : 2
Mon Feb 06 13:50:01 2012
 Out To MIDI Yoke:  1 : midiOutShortMsg error 3
	Le pilote n'était pas activé.
GetPrivateProfileString result : 2
no : 2
Mon Feb 06 13:50:01 2012
 Out To MIDI Yoke:  1 : midiOutShortMsg error 3
	Le pilote n'était pas activé.
GetPrivateProfileString result : 2
no : 2
Mon Feb 06 13:50:01 2012
 Out To MIDI Yoke:  1 : midiOutShortMsg error 3
	Le pilote n'était pas activé.
GetPrivateProfileString result : 2
no : 2
Mon Feb 06 13:50:01 2012
 Out To MIDI Yoke:  1 : midiOutShortMsg error 3
	Le pilote n'était pas activé.
GetPrivateProfileString result : 2
no : 2
Mon Feb 06 13:50:01 2012
 Out To MIDI Yoke:  1 : midiOutShortMsg error 3
	Le pilote n'était pas activé.
GetPrivateProfileString result : 2
no : 2
Mon Feb 06 13:50:01 2012
 Out To MIDI Yoke:  1 : midiOutShortMsg error 3
	Le pilote n'était pas activé.
GetPrivateProfileString result : 2
no : 2
Mon Feb 06 13:50:01 2012
 Out To MIDI Yoke:  1 : midiOutShortMsg error 3
	Le pilote n'était pas activé.
GetPrivateProfileString result : 2
no : 2
Mon Feb 06 13:50:01 2012
 Out To MIDI Yoke:  1 : midiOutShortMsg error 3
	Le pilote n'était pas activé.
GetPrivateProfileString result : 2
no : 2
Mon Feb 06 13:50:01 2012
 Out To MIDI Yoke:  1 : midiOutShortMsg error 3
	Le pilote n'était pas activé.
GetPrivateProfileString result : 2
no : 2
Mon Feb 06 13:50:01 2012
 Out To MIDI Yoke:  1 : midiOutShortMsg error 3
	Le pilote n'était pas activé.
GetPrivateProfileString result : 2
no : 2
Mon Feb 06 13:50:01 2012
 Out To MIDI Yoke:  1 : midiOutShortMsg error 3
	Le pilote n'était pas activé.
GetPrivateProfileString result : 2
no : 2
Mon Feb 06 13:50:01 2012
 Out To MIDI Yoke:  1 : midiOutShortMsg error 3
	Le pilote n'était pas activé.
GetPrivateProfileString result : 2
no : 2
Mon Feb 06 13:50:01 2012
 Out To MIDI Yoke:  1 : midiOutShortMsg error 3
	Le pilote n'était pas activé.
GetPrivateProfileString result : 2
no : 2
Mon Feb 06 13:50:01 2012
 Out To MIDI Yoke:  1 : midiOutShortMsg error 3
	Le pilote n'était pas activé.
GetPrivateProfileString result : 2
no : 2
Mon Feb 06 13:50:01 2012
 Out To MIDI Yoke:  1 : midiOutShortMsg error 3
	Le pilote n'était pas activé.
GetPrivateProfileString result : 2
no : 2
Mon Feb 06 13:50:01 2012
 Out To MIDI Yoke:  1 : midiOutShortMsg error 3
	Le pilote n'était pas activé.
GetPrivateProfileString result : 2
no : 2
Mon Feb 06 13:50:01 2012
 Out To MIDI Yoke:  1 : midiOutShortMsg error 3
	Le pilote n'était pas activé.
GetPrivateProfileString result : 2
no : 2
Mon Feb 06 13:50:01 2012
 Out To MIDI Yoke:  1 : midiOutShortMsg error 3
	Le pilote n'était pas activé.
GetPrivateProfileString result : 2
no : 2
Mon Feb 06 13:50:01 2012
 Out To MIDI Yoke:  1 : midiOutShortMsg error 3
	Le pilote n'était pas activé.
GetPrivateProfileString result : 2
no : 2
Mon Feb 06 13:50:01 2012
 Out To MIDI Yoke:  1 : midiOutShortMsg error 3
	Le pilote n'était pas activé.
GetPrivateProfileString result : 2
no : 2
Mon Feb 06 13:50:01 2012
 Out To MIDI Yoke:  1 : midiOutShortMsg error 3
	Le pilote n'était pas activé.
GetPrivateProfileString result : 2
no : 2
Mon Feb 06 13:50:01 2012
 Out To MIDI Yoke:  1 : midiOutShortMsg error 3
	Le pilote n'était pas activé.
GetPrivateProfileString result : 2
no : 2
Mon Feb 06 13:50:01 2012
 Out To MIDI Yoke:  1 : midiOutShortMsg error 3
	Le pilote n'était pas activé.
GetPrivateProfileString result : 2
no : 2
Mon Feb 06 13:50:01 2012
 Out To MIDI Yoke:  1 : midiOutShortMsg error 3
	Le pilote n'était pas activé.
GetPrivateProfileString result : 2
no : 2
Mon Feb 06 13:50:01 2012
 Out To MIDI Yoke:  1 : midiOutShortMsg error 3
	Le pilote n'était pas activé.
GetPrivateProfileString result : 2
no : 2
Mon Feb 06 13:50:01 2012
 Out To MIDI Yoke:  1 : midiOutShortMsg error 3
	Le pilote n'était pas activé.
GetPrivateProfileString result : 2
no : 2
Mon Feb 06 13:50:01 2012
 Out To MIDI Yoke:  1 : midiOutShortMsg error 3
	Le pilote n'était pas activé.
GetPrivateProfileString result : 2
no : 2
Mon Feb 06 13:50:01 2012
 Out To MIDI Yoke:  1 : midiOutShortMsg error 3
	Le pilote n'était pas activé.
GetPrivateProfileString result : 2
no : 2
Mon Feb 06 13:50:01 2012
 Out To MIDI Yoke:  1 : midiOutShortMsg error 3
	Le pilote n'était pas activé.
GetPrivateProfileString result : 2
no : 2
Mon Feb 06 13:50:01 2012
 Out To MIDI Yoke:  1 : midiOutShortMsg error 3
	Le pilote n'était pas activé.
GetPrivateProfileString result : 2
no : 2
Mon Feb 06 13:50:01 2012
 Out To MIDI Yoke:  1 : midiOutShortMsg error 3
	Le pilote n'était pas activé.
GetPrivateProfileString result : 2
no : 2
Mon Feb 06 13:50:01 2012
 Out To MIDI Yoke:  1 : midiOutShortMsg error 3
	Le pilote n'était pas activé.
GetPrivateProfileString result : 2
no : 2
Mon Feb 06 13:50:01 2012
 Out To MIDI Yoke:  1 : midiOutShortMsg error 3
	Le pilote n'était pas activé.
GetPrivateProfileString result : 2
no : 2
Mon Feb 06 13:50:01 2012
 Out To MIDI Yoke:  1 : midiOutShortMsg error 3
	Le pilote n'était pas activé.
GetPrivateProfileString result : 2
no : 2
Mon Feb 06 13:50:01 2012
 Out To MIDI Yoke:  1 : midiOutShortMsg error 3
	Le pilote n'était pas activé.
GetPrivateProfileString result : 2
no : 2
Mon Feb 06 13:50:01 2012
 Out To MIDI Yoke:  1 : midiOutShortMsg error 3
	Le pilote n'était pas activé.
GetPrivateProfileString result : 2
no : 2
Mon Feb 06 13:50:01 2012
 Out To MIDI Yoke:  1 : midiOutShortMsg error 3
	Le pilote n'était pas activé.
GetPrivateProfileString result : 2
no : 2
Mon Feb 06 13:50:01 2012
 Out To MIDI Yoke:  1 : midiOutShortMsg error 3
	Le pilote n'était pas activé.
GetPrivateProfileString result : 2
no : 2
Mon Feb 06 13:50:01 2012
 Out To MIDI Yoke:  1 : midiOutShortMsg error 3
	Le pilote n'était pas activé.
GetPrivateProfileString result : 2
no : 2
Mon Feb 06 13:50:01 2012
 Out To MIDI Yoke:  1 : midiOutShortMsg error 3
	Le pilote n'était pas activé.
GetPrivateProfileString result : 2
no : 2
Mon Feb 06 13:50:01 2012
 Out To MIDI Yoke:  1 : midiOutShortMsg error 3
	Le pilote n'était pas activé.
GetPrivateProfileString result : 2
no : 2
Mon Feb 06 13:50:01 2012
 Out To MIDI Yoke:  1 : midiOutShortMsg error 3
	Le pilote n'était pas activé.
GetPrivateProfileString result : 2
no : 2
Mon Feb 06 13:50:01 2012
 Out To MIDI Yoke:  1 : midiOutShortMsg error 3
	Le pilote n'était pas activé.
GetPrivateProfileString result : 2
no : 2
Mon Feb 06 13:50:01 2012
 Out To MIDI Yoke:  1 : midiOutShortMsg error 3
	Le pilote n'était pas activé.
GetPrivateProfileString result : 2
no : 2
Mon Feb 06 13:50:01 2012
 Out To MIDI Yoke:  1 : midiOutShortMsg error 3
	Le pilote n'était pas activé.
GetPrivateProfileString result : 2
no : 2
Mon Feb 06 13:50:01 2012
 Out To MIDI Yoke:  1 : midiOutShortMsg error 3
	Le pilote n'était pas activé.
GetPrivateProfileString result : 2
no : 2
Mon Feb 06 13:50:01 2012
 Out To MIDI Yoke:  1 : midiOutShortMsg error 3
	Le pilote n'était pas activé.
GetPrivateProfileString result : 2
no : 2
Mon Feb 06 13:50:01 2012
 Out To MIDI Yoke:  1 : midiOutShortMsg error 3
	Le pilote n'était pas activé.
GetPrivateProfileString result : 2
no : 2
Mon Feb 06 13:50:01 2012
 Out To MIDI Yoke:  1 : midiOutShortMsg error 3
	Le pilote n'était pas activé.
GetPrivateProfileString result : 2
no : 2
Mon Feb 06 13:50:01 2012
 Out To MIDI Yoke:  1 : midiOutShortMsg error 3
	Le pilote n'était pas activé.
GetPrivateProfileString result : 2
no : 2
Mon Feb 06 13:50:01 2012
 Out To MIDI Yoke:  1 : midiOutShortMsg error 3
	Le pilote n'était pas activé.
GetPrivateProfileString result : 2
no : 2
Mon Feb 06 13:50:01 2012
 Out To MIDI Yoke:  1 : midiOutShortMsg error 3
	Le pilote n'était pas activé.
GetPrivateProfileString result : 2
no : 2
Mon Feb 06 13:50:01 2012
 Out To MIDI Yoke:  1 : midiOutShortMsg error 3
	Le pilote n'était pas activé.
GetPrivateProfileString result : 2
no : 2
Mon Feb 06 13:50:01 2012
 Out To MIDI Yoke:  1 : midiOutShortMsg error 3
	Le pilote n'était pas activé.
GetPrivateProfileString result : 2
no : 2
Mon Feb 06 13:50:01 2012
 Out To MIDI Yoke:  1 : midiOutShortMsg error 3
	Le pilote n'était pas activé.
GetPrivateProfileString result : 2
no : 2
Mon Feb 06 13:50:01 2012
 Out To MIDI Yoke:  1 : midiOutShortMsg error 3
	Le pilote n'était pas activé.
GetPrivateProfileString result : 2
no : 2
Mon Feb 06 13:50:01 2012
 Out To MIDI Yoke:  1 : midiOutShortMsg error 3
	Le pilote n'était pas activé.
GetPrivateProfileString result : 2
no : 2
Mon Feb 06 13:50:01 2012
 Out To MIDI Yoke:  1 : midiOutShortMsg error 3
	Le pilote n'était pas activé.
GetPrivateProfileString result : 2
no : 2
Mon Feb 06 13:50:01 2012
 Out To MIDI Yoke:  1 : midiOutShortMsg error 3
	Le pilote n'était pas activé.
GetPrivateProfileString result : 2
no : 2
Mon Feb 06 13:50:01 2012
 Out To MIDI Yoke:  1 : midiOutShortMsg error 3
	Le pilote n'était pas activé.
GetPrivateProfileString result : 2
no : 2
Mon Feb 06 13:50:02 2012
 Out To MIDI Yoke:  1 : midiOutShortMsg error 3
	Le pilote n'était pas activé.
GetPrivateProfileString result : 2
no : 2
Mon Feb 06 13:50:02 2012
 Out To MIDI Yoke:  1 : midiOutShortMsg error 3
	Le pilote n'était pas activé.
GetPrivateProfileString result : 2
no : 2
Mon Feb 06 13:50:02 2012
 Out To MIDI Yoke:  1 : midiOutShortMsg error 3
	Le pilote n'était pas activé.
GetPrivateProfileString result : 2
no : 2
Mon Feb 06 13:50:02 2012
 Out To MIDI Yoke:  1 : midiOutShortMsg error 3
	Le pilote n'était pas activé.
GetPrivateProfileString result : 2
no : 2
Mon Feb 06 13:50:02 2012
 Out To MIDI Yoke:  1 : midiOutShortMsg error 3
	Le pilote n'était pas activé.
GetPrivateProfileString result : 2
no : 2
Mon Feb 06 13:50:02 2012
 Out To MIDI Yoke:  1 : midiOutShortMsg error 3
	Le pilote n'était pas activé.
GetPrivateProfileString result : 2
no : 2
Mon Feb 06 13:50:02 2012
 Out To MIDI Yoke:  1 : midiOutShortMsg error 3
	Le pilote n'était pas activé.
GetPrivateProfileString result : 2
no : 2
Mon Feb 06 13:50:02 2012
 Out To MIDI Yoke:  1 : midiOutShortMsg error 3
	Le pilote n'était pas activé.
GetPrivateProfileString result : 2
no : 2
Mon Feb 06 13:50:02 2012
 Out To MIDI Yoke:  1 : midiOutShortMsg error 3
	Le pilote n'était pas activé.
GetPrivateProfileString result : 2
no : 2
Mon Feb 06 13:50:02 2012
 Out To MIDI Yoke:  1 : midiOutShortMsg error 3
	Le pilote n'était pas activé.
GetPrivateProfileString result : 2
no : 2
Mon Feb 06 13:50:02 2012
 Out To MIDI Yoke:  1 : midiOutShortMsg error 3
	Le pilote n'était pas activé.
GetPrivateProfileString result : 2
no : 2
Mon Feb 06 13:50:02 2012
 Out To MIDI Yoke:  1 : midiOutShortMsg error 3
	Le pilote n'était pas activé.
GetPrivateProfileString result : 2
no : 2
Mon Feb 06 13:50:02 2012
 Out To MIDI Yoke:  1 : midiOutShortMsg error 3
	Le pilote n'était pas activé.
GetPrivateProfileString result : 2
no : 2
Mon Feb 06 13:50:02 2012
 Out To MIDI Yoke:  1 : midiOutShortMsg error 3
	Le pilote n'était pas activé.
GetPrivateProfileString result : 2
no : 2
Mon Feb 06 13:50:02 2012
 Out To MIDI Yoke:  1 : midiOutShortMsg error 3
	Le pilote n'était pas activé.
GetPrivateProfileString result : 2
no : 2
Mon Feb 06 13:50:02 2012
 Out To MIDI Yoke:  1 : midiOutShortMsg error 3
	Le pilote n'était pas activé.
GetPrivateProfileString result : 2
no : 2
Mon Feb 06 13:50:02 2012
 Out To MIDI Yoke:  1 : midiOutShortMsg error 3
	Le pilote n'était pas activé.
GetPrivateProfileString result : 2
no : 2
Mon Feb 06 13:50:02 2012
 Out To MIDI Yoke:  1 : midiOutShortMsg error 3
	Le pilote n'était pas activé.
GetPrivateProfileString result : 2
no : 2
Mon Feb 06 13:50:02 2012
 Out To MIDI Yoke:  1 : midiOutShortMsg error 3
	Le pilote n'était pas activé.
GetPrivateProfileString result : 2
no : 2
Mon Feb 06 13:50:02 2012
 Out To MIDI Yoke:  1 : midiOutShortMsg error 3
	Le pilote n'était pas activé.
GetPrivateProfileString result : 2
no : 2
Mon Feb 06 13:50:02 2012
 Out To MIDI Yoke:  1 : midiOutShortMsg error 3
	Le pilote n'était pas activé.
GetPrivateProfileString result : 2
no : 2
Mon Feb 06 13:50:02 2012
 Out To MIDI Yoke:  1 : midiOutShortMsg error 3
	Le pilote n'était pas activé.
GetPrivateProfileString result : 2
no : 2
Mon Feb 06 13:50:02 2012
 Out To MIDI Yoke:  1 : midiOutShortMsg error 3
	Le pilote n'était pas activé.
GetPrivateProfileString result : 2
no : 2
Mon Feb 06 13:50:02 2012
 Out To MIDI Yoke:  1 : midiOutShortMsg error 3
	Le pilote n'était pas activé.
GetPrivateProfileString result : 2
no : 2
Mon Feb 06 13:50:02 2012
 Out To MIDI Yoke:  1 : midiOutShortMsg error 3
	Le pilote n'était pas activé.
GetPrivateProfileString result : 2
no : 2
Mon Feb 06 13:50:02 2012
 Out To MIDI Yoke:  1 : midiOutShortMsg error 3
	Le pilote n'était pas activé.
GetPrivateProfileString result : 2
no : 2
Mon Feb 06 13:50:02 2012
 Out To MIDI Yoke:  1 : midiOutShortMsg error 3
	Le pilote n'était pas activé.
GetPrivateProfileString result : 2
no : 2
Mon Feb 06 13:50:02 2012
 Out To MIDI Yoke:  1 : midiOutShortMsg error 3
	Le pilote n'était pas activé.
GetPrivateProfileString result : 2
no : 2
Mon Feb 06 13:50:02 2012
 Out To MIDI Yoke:  1 : midiOutShortMsg error 3
	Le pilote n'était pas activé.
GetPrivateProfileString result : 2
no : 2
Mon Feb 06 13:50:02 2012
 Out To MIDI Yoke:  1 : midiOutShortMsg error 3
	Le pilote n'était pas activé.
GetPrivateProfileString result : 2
no : 2
Mon Feb 06 13:50:02 2012
 Out To MIDI Yoke:  1 : midiOutShortMsg error 3
	Le pilote n'était pas activé.
GetPrivateProfileString result : 2
no : 2
Mon Feb 06 13:50:02 2012
 Out To MIDI Yoke:  1 : midiOutShortMsg error 3
	Le pilote n'était pas activé.
GetPrivateProfileString result : 2
no : 2
Mon Feb 06 13:50:02 2012
 Out To MIDI Yoke:  1 : midiOutShortMsg error 3
	Le pilote n'était pas activé.
GetPrivateProfileString result : 2
no : 2
Mon Feb 06 13:50:02 2012
 Out To MIDI Yoke:  1 : midiOutShortMsg error 3
	Le pilote n'était pas activé.
GetPrivateProfileString result : 2
no : 2
Mon Feb 06 13:50:02 2012
 Out To MIDI Yoke:  1 : midiOutShortMsg error 3
	Le pilote n'était pas activé.
GetPrivateProfileString result : 2
no : 2
Mon Feb 06 13:50:02 2012
 Out To MIDI Yoke:  1 : midiOutShortMsg error 3
	Le pilote n'était pas activé.
GetPrivateProfileString result : 2
no : 2
Mon Feb 06 13:50:02 2012
 Out To MIDI Yoke:  1 : midiOutShortMsg error 3
	Le pilote n'était pas activé.
GetPrivateProfileString result : 2
no : 2
Mon Feb 06 13:50:02 2012
 Out To MIDI Yoke:  1 : midiOutShortMsg error 3
	Le pilote n'était pas activé.
GetPrivateProfileString result : 2
no : 2
Mon Feb 06 13:50:02 2012
 Out To MIDI Yoke:  1 : midiOutShortMsg error 3
	Le pilote n'était pas activé.
GetPrivateProfileString result : 2
no : 2
Mon Feb 06 13:50:02 2012
 Out To MIDI Yoke:  1 : midiOutShortMsg error 3
	Le pilote n'était pas activé.
GetPrivateProfileString result : 2
no : 2
Mon Feb 06 13:50:02 2012
 Out To MIDI Yoke:  1 : midiOutShortMsg error 3
	Le pilote n'était pas activé.
GetPrivateProfileString result : 2
no : 2
Mon Feb 06 13:50:02 2012
 Out To MIDI Yoke:  1 : midiOutShortMsg error 3
	Le pilote n'était pas activé.
GetPrivateProfileString result : 2
no : 2
Mon Feb 06 13:50:02 2012
 Out To MIDI Yoke:  1 : midiOutShortMsg error 3
	Le pilote n'était pas activé.
GetPrivateProfileString result : 2
no : 2
Mon Feb 06 13:50:02 2012
 Out To MIDI Yoke:  1 : midiOutShortMsg error 3
	Le pilote n'était pas activé.
GetPrivateProfileString result : 2
no : 2
Mon Feb 06 13:50:02 2012
 Out To MIDI Yoke:  1 : midiOutShortMsg error 3
	Le pilote n'était pas activé.
GetPrivateProfileString result : 2
no : 2
Mon Feb 06 13:50:02 2012
 Out To MIDI Yoke:  1 : midiOutShortMsg error 3
	Le pilote n'était pas activé.
GetPrivateProfileString result : 2
no : 2
Mon Feb 06 13:50:02 2012
 Out To MIDI Yoke:  1 : midiOutShortMsg error 3
	Le pilote n'était pas activé.
GetPrivateProfileString result : 2
no : 2
Mon Feb 06 13:50:02 2012
 Out To MIDI Yoke:  1 : midiOutShortMsg error 3
	Le pilote n'était pas activé.
GetPrivateProfileString result : 2
no : 2
Mon Feb 06 13:50:02 2012
 Out To MIDI Yoke:  1 : midiOutShortMsg error 3
	Le pilote n'était pas activé.
GetPrivateProfileString result : 2
no : 2
Mon Feb 06 13:50:02 2012
 Out To MIDI Yoke:  1 : midiOutShortMsg error 3
	Le pilote n'était pas activé.
GetPrivateProfileString result : 2
no : 2
Mon Feb 06 13:50:02 2012
 Out To MIDI Yoke:  1 : midiOutShortMsg error 3
	Le pilote n'était pas activé.
GetPrivateProfileString result : 2
no : 2
Mon Feb 06 13:50:02 2012
 Out To MIDI Yoke:  1 : midiOutShortMsg error 3
	Le pilote n'était pas activé.
GetPrivateProfileString result : 2
no : 2
Mon Feb 06 13:50:02 2012
 Out To MIDI Yoke:  1 : midiOutShortMsg error 3
	Le pilote n'était pas activé.
GetPrivateProfileString result : 2
no : 2
Mon Feb 06 13:50:02 2012
 Out To MIDI Yoke:  1 : midiOutShortMsg error 3
	Le pilote n'était pas activé.
GetPrivateProfileString result : 2
no : 2
Mon Feb 06 13:50:02 2012
 Out To MIDI Yoke:  1 : midiOutShortMsg error 3
	Le pilote n'était pas activé.
GetPrivateProfileString result : 2
no : 2
Mon Feb 06 13:50:02 2012
 Out To MIDI Yoke:  1 : midiOutShortMsg error 3
	Le pilote n'était pas activé.
GetPrivateProfileString result : 2
no : 2
Mon Feb 06 13:50:02 2012
 Out To MIDI Yoke:  1 : midiOutShortMsg error 3
	Le pilote n'était pas activé.
GetPrivateProfileString result : 2
no : 2
Mon Feb 06 13:50:02 2012
 Out To MIDI Yoke:  1 : midiOutShortMsg error 3
	Le pilote n'était pas activé.
GetPrivateProfileString result : 2
no : 2
Mon Feb 06 13:50:02 2012
 Out To MIDI Yoke:  1 : midiOutShortMsg error 3
	Le pilote n'était pas activé.
GetPrivateProfileString result : 2
no : 2
Mon Feb 06 13:50:03 2012
 Out To MIDI Yoke:  1 : midiOutShortMsg error 3
	Le pilote n'était pas activé.
GetPrivateProfileString result : 2
no : 2
Mon Feb 06 13:50:03 2012
 Out To MIDI Yoke:  1 : midiOutShortMsg error 3
	Le pilote n'était pas activé.
GetPrivateProfileString result : 2
no : 2
Mon Feb 06 13:50:03 2012
 Out To MIDI Yoke:  1 : midiOutShortMsg error 3
	Le pilote n'était pas activé.
GetPrivateProfileString result : 2
no : 2
Mon Feb 06 13:50:03 2012
 Out To MIDI Yoke:  1 : midiOutShortMsg error 3
	Le pilote n'était pas activé.
GetPrivateProfileString result : 2
no : 2
Mon Feb 06 13:50:03 2012
 Out To MIDI Yoke:  1 : midiOutShortMsg error 3
	Le pilote n'était pas activé.
GetPrivateProfileString result : 2
no : 2
Mon Feb 06 13:50:03 2012
 Out To MIDI Yoke:  1 : midiOutShortMsg error 3
	Le pilote n'était pas activé.
GetPrivateProfileString result : 2
no : 2
Mon Feb 06 13:50:03 2012
 Out To MIDI Yoke:  1 : midiOutShortMsg error 3
	Le pilote n'était pas activé.
GetPrivateProfileString result : 2
no : 2
Mon Feb 06 13:50:03 2012
 Out To MIDI Yoke:  1 : midiOutShortMsg error 3
	Le pilote n'était pas activé.
GetPrivateProfileString result : 2
no : 2
Mon Feb 06 13:50:03 2012
 Out To MIDI Yoke:  1 : midiOutShortMsg error 3
	Le pilote n'était pas activé.
GetPrivateProfileString result : 2
no : 2
Mon Feb 06 13:50:03 2012
 Out To MIDI Yoke:  1 : midiOutShortMsg error 3
	Le pilote n'était pas activé.
GetPrivateProfileString result : 2
no : 2
Mon Feb 06 13:50:03 2012
 Out To MIDI Yoke:  1 : midiOutShortMsg error 3
	Le pilote n'était pas activé.
GetPrivateProfileString result : 2
no : 2
Mon Feb 06 13:50:03 2012
 Out To MIDI Yoke:  1 : midiOutShortMsg error 3
	Le pilote n'était pas activé.
GetPrivateProfileString result : 2
no : 2
Mon Feb 06 13:50:03 2012
 Out To MIDI Yoke:  1 : midiOutShortMsg error 3
	Le pilote n'était pas activé.
GetPrivateProfileString result : 2
no : 2
Mon Feb 06 13:50:03 2012
 Out To MIDI Yoke:  1 : midiOutShortMsg error 3
	Le pilote n'était pas activé.
GetPrivateProfileString result : 2
no : 2
Mon Feb 06 13:50:03 2012
 Out To MIDI Yoke:  1 : midiOutShortMsg error 3
	Le pilote n'était pas activé.
GetPrivateProfileString result : 2
no : 2
Mon Feb 06 13:50:03 2012
 Out To MIDI Yoke:  1 : midiOutShortMsg error 3
	Le pilote n'était pas activé.
GetPrivateProfileString result : 2
no : 2
Mon Feb 06 13:50:03 2012
 Out To MIDI Yoke:  1 : midiOutShortMsg error 3
	Le pilote n'était pas activé.
GetPrivateProfileString result : 2
no : 2
Mon Feb 06 13:50:03 2012
 Out To MIDI Yoke:  1 : midiOutShortMsg error 3
	Le pilote n'était pas activé.
GetPrivateProfileString result : 2
no : 2
Mon Feb 06 13:50:03 2012
 Out To MIDI Yoke:  1 : midiOutShortMsg error 3
	Le pilote n'était pas activé.
GetPrivateProfileString result : 2
no : 2
Mon Feb 06 13:50:03 2012
 Out To MIDI Yoke:  1 : midiOutShortMsg error 3
	Le pilote n'était pas activé.
GetPrivateProfileString result : 2
no : 2
Mon Feb 06 13:50:03 2012
 Out To MIDI Yoke:  1 : midiOutShortMsg error 3
	Le pilote n'était pas activé.
GetPrivateProfileString result : 2
no : 2
