OpenLayer started up succesfully

Auto Loader: Executing 27 pending loading commands
Auto Loader: Completed

Screen set up succesfully

Loading a true type font: c:\Users\bibi\Documents\depot_christoph\whitecat_crossplateform\whitecatbuild\build\mingw_build\white_cat\Fonts\doom.ttf
Loading a true type font: c:\Users\bibi\Documents\depot_christoph\whitecat_crossplateform\whitecatbuild\build\mingw_build\white_cat\Fonts\doom.ttf
Loading a true type font: c:\Users\bibi\Documents\depot_christoph\whitecat_crossplateform\whitecatbuild\build\mingw_build\white_cat\Fonts\doom.ttf
Loading a true type font: c:\Users\bibi\Documents\depot_christoph\whitecat_crossplateform\whitecatbuild\build\mingw_build\white_cat\Fonts\doom.ttf
Loading a true type font: c:\Users\bibi\Documents\depot_christoph\whitecat_crossplateform\whitecatbuild\build\mingw_build\white_cat\Fonts\doom.ttf
Loading a true type font: c:\Users\bibi\Documents\depot_christoph\whitecat_crossplateform\whitecatbuild\build\mingw_build\white_cat\Fonts\doom.ttf
Loading a true type font: c:\Users\bibi\Documents\depot_christoph\whitecat_crossplateform\whitecatbuild\build\mingw_build\white_cat\Fonts\doom.ttf
Loading a true type font: c:\Users\bibi\Documents\depot_christoph\whitecat_crossplateform\whitecatbuild\build\mingw_build\white_cat\Fonts\axaxax.ttf
Loading a true type font: c:\Users\bibi\Documents\depot_christoph\whitecat_crossplateform\whitecatbuild\build\mingw_build\white_cat\Fonts\prototype.ttf
Loading a true type font: c:\Users\bibi\Documents\depot_christoph\whitecat_crossplateform\whitecatbuild\build\mingw_build\white_cat\Fonts\prototype.ttf
Loading a true type font: c:\Users\bibi\Documents\depot_christoph\whitecat_crossplateform\whitecatbuild\build\mingw_build\white_cat\Fonts\prototype.ttf
Loading a true type font: c:\Users\bibi\Documents\depot_christoph\whitecat_crossplateform\whitecatbuild\build\mingw_build\white_cat\Fonts\prototype.ttf
Loading a true type font: c:\Users\bibi\Documents\depot_christoph\whitecat_crossplateform\whitecatbuild\build\mingw_build\white_cat\Fonts\prototype.ttf
Loading a true type font: c:\Users\bibi\Documents\depot_christoph\whitecat_crossplateform\whitecatbuild\build\mingw_build\white_cat\Fonts\prototype.ttf
Loading a true type font: c:\Users\bibi\Documents\depot_christoph\whitecat_crossplateform\whitecatbuild\build\mingw_build\white_cat\Fonts\prototype.ttf
Loading a true type font: c:\Users\bibi\Documents\depot_christoph\whitecat_crossplateform\whitecatbuild\build\mingw_build\white_cat\Fonts\prototype.ttf
Loading a true type font: c:\Users\bibi\Documents\depot_christoph\whitecat_crossplateform\whitecatbuild\build\mingw_build\white_cat\Fonts\prototype.ttf
Loading a true type font: c:\Users\bibi\Documents\depot_christoph\whitecat_crossplateform\whitecatbuild\build\mingw_build\white_cat\Fonts\prototype.ttf
Loading a true type font: c:\Users\bibi\Documents\depot_christoph\whitecat_crossplateform\whitecatbuild\build\mingw_build\white_cat\Fonts\prototype.ttf
Loading a true type font: c:\Users\bibi\Documents\depot_christoph\whitecat_crossplateform\whitecatbuild\build\mingw_build\white_cat\Fonts\prototype.ttf
Loading a true type font: c:\Users\bibi\Documents\depot_christoph\whitecat_crossplateform\whitecatbuild\build\mingw_build\white_cat\Fonts\prototype.ttf
Loading a true type font: c:\Users\bibi\Documents\depot_christoph\whitecat_crossplateform\whitecatbuild\build\mingw_build\white_cat\Fonts\prototype.ttf
Loading a true type font: c:\Users\bibi\Documents\depot_christoph\whitecat_crossplateform\whitecatbuild\build\mingw_build\white_cat\Fonts\prototype.ttf
Loading a true type font: c:\Users\bibi\Documents\depot_christoph\whitecat_crossplateform\whitecatbuild\build\mingw_build\white_cat\Fonts\neuropol.ttf
Loading bitmap: gfx/logo.png
Loading bitmap: gfx/logo.png
Collecting garbage

Garbage Collector: Destroying 27 items
Garbace Collector: Completed

Destroying the framebuffer
Used framebuffer: Framebuffer emulation
OpenLayer shutdown finished
